Wordcount: Running...
THe number of processors is 2

The word is AND and count is 8
The word is OF and count is 5
The word is AT and count is 3
The word is I and count is 3
The word is IN and count is 3
The word is THE and count is 3
The word is BY and count is 2
The word is MY and count is 2
The word is A and count is 1
The word is ABOUT and count is 1
The word is ACCEPTED and count is 1
The word is ACRES and count is 1
The word is AGE and count is 1
The word is AM and count is 1
The word is ANIMALS and count is 1
The word is AS and count is 1
The word is ASPECTS and count is 1
The word is BAPTIST and count is 1
The word is BAPTIZED and count is 1
The word is BEEN and count is 1
The word is BIRDS and count is 1
The word is BLUEBIRDS and count is 1
The word is BLUJAYS and count is 1
The word is CARDINALS and count is 1
The word is CHIPMUNKS and count is 1
The word is CHRIST and count is 1
The word is CHURCH and count is 1
The word is COMPANY and count is 1
The word is CONSISTS and count is 1
The word is COUNTRYSIDE and count is 1
The word is COUNTY and count is 1
The word is DAVID and count is 1
The word is DEER and count is 1
The word is EIGHT and count is 1
The word is FAMILIES and count is 1
The word is FAMILY and count is 1
The word is FAVOR and count is 1
The word is FELINES and count is 1
The word is FOR and count is 1
The word is FORTIES and count is 1
The word is FRIENDS and count is 1
The word is HAPPEN and count is 1
The word is HAPPILY and count is 1
The word is HAVE and count is 1
The word is IMMERSION and count is 1
The word is INCLUDE and count is 1
The word is INDOOR and count is 1
The word is IOWA and count is 1
The word is LAMPEL and count is 1
The word is LIVE and count is 1
The word is MADISON and count is 1
The word is MARRIED and count is 1
The word is MID and count is 1
The word is MORE and count is 1
The word is MYRIAD and count is 1
The word is NINE and count is 1
The word is NOW and count is 1
The word is NUTHATCHES and count is 1
The word is ON and count is 1
The word is ONE and count is 1
The word is ORIOLES and count is 1
The word is OUR and count is 1
The word is OUTDOOR and count is 1
The word is OVER and count is 1
The word is PEOPLE and count is 1
The word is POSSUM and count is 1
The word is RACCOON and count is 1
The word is SQUIRRELS and count is 1
The word is TENDER and count is 1
The word is THIS and count is 1
The word is THREE and count is 1
The word is TITMICE and count is 1
The word is TUFTED and count is 1
The word is WAS and count is 1
The word is WE and count is 1
The word is WHO and count is 1
The word is WIFE and count is 1
The word is WOODPECKERS and count is 1
The word is WRITING and count is 1
The word is YEARS and count is 1
